<?xml version="1.0" encoding="UTF-8"?>
<!-- Generated by org.testng.reporters.JUnitReportReporter -->
<testsuite hostname="IT" failures="0" tests="4" name="Test.ThirdClass" time="0.014" errors="0" timestamp="2025-03-01T16:32:12 IST" skipped="1">
  <testcase classname="Test.ThirdClass" name="MobileLogin2" time="0.005"/>
  <system-out/>
  <testcase classname="Test.ThirdClass" name="MobileLogin1" time="0.001"/>
  <system-out/>
  <testcase classname="Test.ThirdClass" name="MobileLogin" time="0.008"/>
  <system-out/>
  <testcase classname="Test.ThirdClass" name="AdminLogin">
    <skipped/>
  </testcase> <!-- AdminLogin -->
  <system-out/>
</testsuite> <!-- Test.ThirdClass -->
