<?xml version="1.0" encoding="UTF-8"?>
<!-- Generated by org.testng.reporters.JUnitReportReporter -->
<testsuite hostname="IT" failures="0" tests="2" name="Test.BasictestNG" time="0.008" errors="0" timestamp="2025-03-01T16:32:12 IST" skipped="0">
  <testcase classname="Test.BasictestNG" name="Secound" time="0.003"/>
  <system-out/>
  <testcase classname="Test.BasictestNG" name="Demo" time="0.005"/>
  <system-out/>
</testsuite> <!-- Test.BasictestNG -->
