<?xml version="1.0" encoding="UTF-8"?>
<!-- Generated by org.testng.reporters.JUnitReportReporter -->
<testsuite hostname="IT" failures="0" tests="1" name="Test.SecoundCLass" time="0.004" errors="0" timestamp="2025-03-01T16:32:12 IST" skipped="0">
  <testcase classname="Test.SecoundCLass" name="Secound" time="0.004"/>
  <system-out/>
</testsuite> <!-- Test.SecoundCLass -->
