<?xml version="1.0" encoding="UTF-8"?>
<!-- Generated by org.testng.reporters.JUnitReportReporter -->
<testsuite hostname="IT" failures="0" tests="6" name="Test.day3" time="0.040" errors="0" timestamp="2025-03-02T18:13:15 IST" skipped="1">
  <testcase classname="Test.day3" name="MobileLogincarLoan" time="0.009"/>
  <system-out/>
  <testcase classname="Test.day3" name="WebloginCarLoan" time="0.008"/>
  <system-out/>
  <testcase classname="Test.day3" name="MobilesignoutcarLoan" time="0.014"/>
  <system-out/>
  <testcase classname="Test.day3" name="MobilesignoutcarLoan" time="0.004"/>
  <system-out/>
  <testcase classname="Test.day3" name="MobilesignoutcarLoan" time="0.005"/>
  <system-out/>
  <testcase classname="Test.day3" name="MobilesignimcarLoan">
    <skipped/>
  </testcase> <!-- MobilesignimcarLoan -->
  <system-out/>
</testsuite> <!-- Test.day3 -->
