<?xml version="1.0" encoding="UTF-8"?>
<!-- Generated by org.testng.reporters.JUnitReportReporter -->
<testsuite hostname="IT" failures="0" tests="1" name="Test.day2" time="0.002" errors="0" timestamp="2025-03-02T18:13:15 IST" skipped="0">
  <testcase classname="Test.day2" name="ploan" time="0.002"/>
  <system-out/>
</testsuite> <!-- Test.day2 -->
