<?xml version="1.0" encoding="UTF-8"?>
<!-- Generated by org.testng.reporters.JUnitReportReporter -->
<testsuite hostname="IT" failures="0" tests="2" name="Test.ForthClass" time="0.004" errors="0" timestamp="2025-03-01T16:32:12 IST" skipped="0">
  <testcase classname="Test.ForthClass" name="AdminLogin1" time="0.001"/>
  <system-out/>
  <testcase classname="Test.ForthClass" name="MobileLogin1" time="0.003"/>
  <system-out/>
</testsuite> <!-- Test.ForthClass -->
