<?xml version="1.0" encoding="UTF-8"?>
<!-- Generated by org.testng.reporters.JUnitReportReporter -->
<testsuite hostname="IT" failures="0" tests="1" name="Driver.AddDriver" time="17.102" errors="0" timestamp="2025-03-05T11:46:56 IST" skipped="0">
  <testcase classname="Driver.AddDriver" name="driveradd" time="17.102"/>
  <system-out/>
</testsuite> <!-- Driver.AddDriver -->
