<?xml version="1.0" encoding="UTF-8"?>
<!-- Generated by org.testng.reporters.JUnitReportReporter -->
<testsuite hostname="IT" failures="0" tests="3" name="Test.day4" time="0.026" errors="0" timestamp="2025-03-02T18:13:15 IST" skipped="0">
  <testcase classname="Test.day4" name="LoginAPIHomeLoan" time="0.011"/>
  <system-out/>
  <testcase classname="Test.day4" name="MobileLoginHomeLoan" time="0.005"/>
  <system-out/>
  <testcase classname="Test.day4" name="WebloginHomeLoan" time="0.010"/>
  <system-out/>
</testsuite> <!-- Test.day4 -->
